{
  "RSpec": {
    "coverage": {
      "/Users/justinstarner/Desktop/PolarNotion/jstarner/app/models/user.rb": [
        1,
        null,
        null,
        1,
        null,
        null
      ],
      "/Users/justinstarner/Desktop/PolarNotion/jstarner/app/models/application_record.rb": [
        1,
        1,
        null
      ],
      "/Users/justinstarner/Desktop/PolarNotion/jstarner/app/helpers/admin_helper.rb": [
        1,
        null
      ],
      "/Users/justinstarner/Desktop/PolarNotion/jstarner/app/helpers/admin/users_helper.rb": [
        1,
        null
      ],
      "/Users/justinstarner/Desktop/PolarNotion/jstarner/app/helpers/application_helper.rb": [
        1,
        null
      ],
      "/Users/justinstarner/Desktop/PolarNotion/jstarner/app/helpers/projects_helper.rb": [
        1,
        null
      ],
      "/Users/justinstarner/Desktop/PolarNotion/jstarner/app/controllers/admin/projects_controller.rb": [
        1,
        null,
        1,
        1,
        1,
        null,
        null,
        null,
        1,
        2,
        null,
        null,
        null,
        1,
        2,
        null,
        null,
        null,
        1,
        null,
        null,
        null,
        null,
        1,
        0,
        null,
        0,
        0,
        0,
        0,
        null,
        0,
        0,
        null,
        null,
        null,
        null,
        null,
        null,
        1,
        0,
        0,
        0,
        0,
        null,
        0,
        0,
        null,
        null,
        null,
        null,
        null,
        null,
        1,
        0,
        0,
        0,
        0,
        null,
        null,
        null,
        1,
        null,
        1,
        2,
        null,
        null,
        null,
        1,
        0,
        null,
        null
      ],
      "/Users/justinstarner/Desktop/PolarNotion/jstarner/app/controllers/admin/admin_controller.rb": [
        1,
        1,
        7,
        1,
        null,
        null,
        null
      ],
      "/Users/justinstarner/Desktop/PolarNotion/jstarner/app/controllers/application_controller.rb": [
        1,
        1,
        null
      ],
      "/Users/justinstarner/Desktop/PolarNotion/jstarner/app/controllers/pages_controller.rb": [
        1,
        1,
        null,
        null,
        1,
        null,
        null,
        1,
        null,
        null,
        1,
        null,
        null
      ],
      "/Users/justinstarner/Desktop/PolarNotion/jstarner/app/models/project.rb": [
        1,
        1,
        null
      ],
      "/Users/justinstarner/Desktop/PolarNotion/jstarner/app/channels/application_cable/channel.rb": [
        0,
        0,
        0,
        0
      ],
      "/Users/justinstarner/Desktop/PolarNotion/jstarner/app/channels/application_cable/connection.rb": [
        0,
        0,
        0,
        0
      ],
      "/Users/justinstarner/Desktop/PolarNotion/jstarner/app/controllers/projects_controller.rb": [
        0,
        0,
        null,
        0,
        0,
        0,
        null,
        0,
        0,
        null,
        0,
        null,
        0,
        0,
        0,
        0
      ],
      "/Users/justinstarner/Desktop/PolarNotion/jstarner/app/jobs/application_job.rb": [
        0,
        0
      ],
      "/Users/justinstarner/Desktop/PolarNotion/jstarner/app/mailers/application_mailer.rb": [
        0,
        0,
        0,
        0
      ]
    },
    "timestamp": 1513291684
  }
}
